1618624498.555091 client started (14605): version next-3.3, socket /tmp/tmux-1000/default, protocol 8
1618624498.555104 on Linux 5.4.72-microsoft-standard-WSL2 #1 SMP Wed Oct 28 23:40:43 UTC 2020
1618624498.555106 using libevent 2.1.8-stable (poll); ncurses 6.1
1618624498.555114 flags are 0x10010000
1618624498.555116 socket is /tmp/tmux-1000/default
1618624498.555122 trying connect
1618624498.555165 add peer 0x5577c013b990: 6 ((nil))
1618624498.555293 sending message 100 to peer 0x5577c013b990 (4 bytes)
1618624498.555297 sending message 111 to peer 0x5577c013b990 (8 bytes)
1618624498.555299 sending message 101 to peer 0x5577c013b990 (16 bytes)
1618624498.555302 sending message 109 to peer 0x5577c013b990 (4 bytes)
1618624498.555304 sending message 102 to peer 0x5577c013b990 (11 bytes)
1618624498.555306 sending message 108 to peer 0x5577c013b990 (35 bytes)
1618624498.555308 sending message 112 to peer 0x5577c013b990 (70 bytes)
1618624498.555310 sending message 112 to peer 0x5577c013b990 (5 bytes)
1618624498.555312 sending message 112 to peer 0x5577c013b990 (5 bytes)
1618624498.555314 sending message 112 to peer 0x5577c013b990 (6 bytes)
1618624498.555316 sending message 112 to peer 0x5577c013b990 (6 bytes)
1618624498.555318 sending message 112 to peer 0x5577c013b990 (11 bytes)
1618624498.555320 sending message 112 to peer 0x5577c013b990 (10 bytes)
1618624498.555322 sending message 112 to peer 0x5577c013b990 (13 bytes)
1618624498.555324 sending message 112 to peer 0x5577c013b990 (13 bytes)
1618624498.555326 sending message 112 to peer 0x5577c013b990 (18 bytes)
1618624498.555328 sending message 112 to peer 0x5577c013b990 (11 bytes)
1618624498.555330 sending message 112 to peer 0x5577c013b990 (21 bytes)
1618624498.555332 sending message 112 to peer 0x5577c013b990 (13 bytes)
1618624498.555334 sending message 112 to peer 0x5577c013b990 (7 bytes)
1618624498.555336 sending message 112 to peer 0x5577c013b990 (13 bytes)
1618624498.555339 sending message 112 to peer 0x5577c013b990 (7 bytes)
1618624498.555341 sending message 112 to peer 0x5577c013b990 (13 bytes)
1618624498.555343 sending message 112 to peer 0x5577c013b990 (9 bytes)
1618624498.555345 sending message 112 to peer 0x5577c013b990 (21 bytes)
1618624498.555347 sending message 112 to peer 0x5577c013b990 (13 bytes)
1618624498.555349 sending message 112 to peer 0x5577c013b990 (8 bytes)
1618624498.555351 sending message 112 to peer 0x5577c013b990 (12 bytes)
1618624498.555352 sending message 112 to peer 0x5577c013b990 (13 bytes)
1618624498.555354 sending message 112 to peer 0x5577c013b990 (9 bytes)
1618624498.555357 sending message 112 to peer 0x5577c013b990 (9 bytes)
1618624498.555359 sending message 112 to peer 0x5577c013b990 (12 bytes)
1618624498.555361 sending message 112 to peer 0x5577c013b990 (8 bytes)
1618624498.555363 sending message 112 to peer 0x5577c013b990 (7 bytes)
1618624498.555365 sending message 112 to peer 0x5577c013b990 (7 bytes)
1618624498.555367 sending message 112 to peer 0x5577c013b990 (9 bytes)
1618624498.555369 sending message 112 to peer 0x5577c013b990 (13 bytes)
1618624498.555371 sending message 112 to peer 0x5577c013b990 (9 bytes)
1618624498.555373 sending message 112 to peer 0x5577c013b990 (15 bytes)
1618624498.555375 sending message 112 to peer 0x5577c013b990 (13 bytes)
1618624498.555376 sending message 112 to peer 0x5577c013b990 (12 bytes)
1618624498.555379 sending message 112 to peer 0x5577c013b990 (8 bytes)
1618624498.555381 sending message 112 to peer 0x5577c013b990 (14 bytes)
1618624498.555383 sending message 112 to peer 0x5577c013b990 (9 bytes)
1618624498.555385 sending message 112 to peer 0x5577c013b990 (10 bytes)
1618624498.555387 sending message 112 to peer 0x5577c013b990 (10 bytes)
1618624498.555389 sending message 112 to peer 0x5577c013b990 (10 bytes)
1618624498.555391 sending message 112 to peer 0x5577c013b990 (10 bytes)
1618624498.555393 sending message 112 to peer 0x5577c013b990 (11 bytes)
1618624498.555395 sending message 112 to peer 0x5577c013b990 (10 bytes)
1618624498.555397 sending message 112 to peer 0x5577c013b990 (8 bytes)
1618624498.555399 sending message 112 to peer 0x5577c013b990 (11 bytes)
1618624498.555404 sending message 112 to peer 0x5577c013b990 (11 bytes)
1618624498.555406 sending message 112 to peer 0x5577c013b990 (11 bytes)
1618624498.555408 sending message 112 to peer 0x5577c013b990 (8 bytes)
1618624498.555411 sending message 112 to peer 0x5577c013b990 (8 bytes)
1618624498.555413 sending message 112 to peer 0x5577c013b990 (8 bytes)
1618624498.555415 sending message 112 to peer 0x5577c013b990 (10 bytes)
1618624498.555417 sending message 112 to peer 0x5577c013b990 (10 bytes)
1618624498.555419 sending message 112 to peer 0x5577c013b990 (10 bytes)
1618624498.555426 sending message 112 to peer 0x5577c013b990 (10 bytes)
1618624498.555429 sending message 112 to peer 0x5577c013b990 (10 bytes)
1618624498.555431 sending message 112 to peer 0x5577c013b990 (11 bytes)
1618624498.555433 sending message 112 to peer 0x5577c013b990 (11 bytes)
1618624498.555435 sending message 112 to peer 0x5577c013b990 (10 bytes)
1618624498.555437 sending message 112 to peer 0x5577c013b990 (9 bytes)
1618624498.555439 sending message 112 to peer 0x5577c013b990 (9 bytes)
1618624498.555441 sending message 112 to peer 0x5577c013b990 (12 bytes)
1618624498.555443 sending message 112 to peer 0x5577c013b990 (9 bytes)
1618624498.555445 sending message 112 to peer 0x5577c013b990 (6 bytes)
1618624498.555447 sending message 112 to peer 0x5577c013b990 (8 bytes)
1618624498.555449 sending message 112 to peer 0x5577c013b990 (15 bytes)
1618624498.555451 sending message 112 to peer 0x5577c013b990 (13 bytes)
1618624498.555453 sending message 112 to peer 0x5577c013b990 (70 bytes)
1618624498.555455 sending message 112 to peer 0x5577c013b990 (69 bytes)
1618624498.555457 sending message 112 to peer 0x5577c013b990 (10 bytes)
1618624498.555459 sending message 112 to peer 0x5577c013b990 (8 bytes)
1618624498.555461 sending message 112 to peer 0x5577c013b990 (15 bytes)
1618624498.555463 sending message 112 to peer 0x5577c013b990 (13 bytes)
1618624498.555465 sending message 112 to peer 0x5577c013b990 (10 bytes)
1618624498.555467 sending message 112 to peer 0x5577c013b990 (10 bytes)
1618624498.555469 sending message 112 to peer 0x5577c013b990 (5 bytes)
1618624498.555471 sending message 112 to peer 0x5577c013b990 (15 bytes)
1618624498.555473 sending message 112 to peer 0x5577c013b990 (5 bytes)
1618624498.555476 sending message 104 to peer 0x5577c013b990 (0 bytes)
1618624498.555478 sending message 110 to peer 0x5577c013b990 (0 bytes)
1618624498.555480 sending message 107 to peer 0x5577c013b990 (4 bytes)
1618624498.555482 sending message 105 to peer 0x5577c013b990 (29 bytes)
1618624498.555484 sending message 105 to peer 0x5577c013b990 (33 bytes)
1618624498.555486 sending message 105 to peer 0x5577c013b990 (22 bytes)
1618624498.555489 sending message 105 to peer 0x5577c013b990 (12 bytes)
1618624498.555491 sending message 105 to peer 0x5577c013b990 (77 bytes)
1618624498.555493 sending message 105 to peer 0x5577c013b990 (78 bytes)
1618624498.555495 sending message 105 to peer 0x5577c013b990 (29 bytes)
1618624498.555497 sending message 105 to peer 0x5577c013b990 (23 bytes)
1618624498.555499 sending message 105 to peer 0x5577c013b990 (19 bytes)
1618624498.555501 sending message 105 to peer 0x5577c013b990 (45 bytes)
1618624498.555503 sending message 105 to peer 0x5577c013b990 (15 bytes)
1618624498.555505 sending message 105 to peer 0x5577c013b990 (19 bytes)
1618624498.555507 sending message 105 to peer 0x5577c013b990 (16 bytes)
1618624498.555509 sending message 105 to peer 0x5577c013b990 (21 bytes)
1618624498.555511 sending message 105 to peer 0x5577c013b990 (8 bytes)
1618624498.555513 sending message 105 to peer 0x5577c013b990 (16 bytes)
1618624498.555515 sending message 105 to peer 0x5577c013b990 (32 bytes)
1618624498.555517 sending message 105 to peer 0x5577c013b990 (13 bytes)
1618624498.555519 sending message 105 to peer 0x5577c013b990 (53 bytes)
1618624498.555521 sending message 105 to peer 0x5577c013b990 (16 bytes)
1618624498.555523 sending message 105 to peer 0x5577c013b990 (27 bytes)
1618624498.555525 sending message 105 to peer 0x5577c013b990 (62 bytes)
1618624498.555529 sending message 105 to peer 0x5577c013b990 (42 bytes)
1618624498.555531 sending message 105 to peer 0x5577c013b990 (11 bytes)
1618624498.555533 sending message 105 to peer 0x5577c013b990 (1068 bytes)
1618624498.555537 sending message 105 to peer 0x5577c013b990 (39 bytes)
1618624498.555539 sending message 105 to peer 0x5577c013b990 (19 bytes)
1618624498.555541 sending message 105 to peer 0x5577c013b990 (8 bytes)
1618624498.555543 sending message 105 to peer 0x5577c013b990 (71 bytes)
1618624498.555545 sending message 105 to peer 0x5577c013b990 (25 bytes)
1618624498.555547 sending message 105 to peer 0x5577c013b990 (17 bytes)
1618624498.555549 sending message 105 to peer 0x5577c013b990 (45 bytes)
1618624498.555551 sending message 105 to peer 0x5577c013b990 (21 bytes)
1618624498.555553 sending message 105 to peer 0x5577c013b990 (18 bytes)
1618624498.555555 sending message 105 to peer 0x5577c013b990 (30 bytes)
1618624498.555557 sending message 105 to peer 0x5577c013b990 (35 bytes)
1618624498.555559 sending message 105 to peer 0x5577c013b990 (14 bytes)
1618624498.555561 sending message 105 to peer 0x5577c013b990 (54 bytes)
1618624498.555563 sending message 105 to peer 0x5577c013b990 (13 bytes)
1618624498.555565 sending message 105 to peer 0x5577c013b990 (12 bytes)
1618624498.555567 sending message 105 to peer 0x5577c013b990 (33 bytes)
1618624498.555569 sending message 105 to peer 0x5577c013b990 (29 bytes)
1618624498.555571 sending message 105 to peer 0x5577c013b990 (31 bytes)
1618624498.555573 sending message 105 to peer 0x5577c013b990 (53 bytes)
1618624498.555575 sending message 105 to peer 0x5577c013b990 (48 bytes)
1618624498.555577 sending message 105 to peer 0x5577c013b990 (22 bytes)
1618624498.555579 sending message 105 to peer 0x5577c013b990 (17 bytes)
1618624498.555581 sending message 105 to peer 0x5577c013b990 (19 bytes)
1618624498.555583 sending message 106 to peer 0x5577c013b990 (0 bytes)
1618624498.555586 sending message 200 to peer 0x5577c013b990 (4 bytes)
1618624498.555588 client loop enter
1618624498.555880 peer 0x5577c013b990 message 303
1618624498.555886 open write file 2 -
1618624498.555893 sending message 305 to peer 0x5577c013b990 (8 bytes)
1618624498.555898 write check file 2
1618624498.556000 peer 0x5577c013b990 message 304
1618624498.556005 write 58 to file 2
1618624498.556008 peer 0x5577c013b990 message 203
1618624498.556010 file 2 58 bytes left
1618624498.556035 write check file 2
1618624498.556040 client loop exit
